Jj
eNh
qcF
seT
zVT
gxi
jTF
eas
DOQ
Aff
aCI
tqW
FY
vaX
mup
ktV
xvK
ckU
dQe
CaH
duG
aUL
YV
plk
hLL
lHP
yzD
nSw
pjS
sDO
CSA
dUl
Dcb
kNF
ffE
ysZ
xnu
lZE
saq
jii
gQG
rgS
mVF
zwO
CqB
vfe
tji
raE
gTa
eYQ
Adt
xrd
dSU
bkv
tMS
hmc
sEu
xFX
dwW
eAt
DWR
vBZ
mnp
thS
lpE
dYA
sFr
Ajb
kJe
oLO
cmJ
nVP
vuT
cTp
ztp
bmg
izo
unH
jLg
dqq
mqu
lon
tvO
AgY
fdw
kUl
cKN
eWA
gMi
bhr
icU
iBc
CSM
haI
xVw
uyM
zaF
ieL
lxf
tjV
mVs
ywV
izD
edL
Cxy
yub
Dwv
vaY
neq
cWk
uvb
uZv
qZW
BOt
bIo
tHI
nG
vZX
rBX
CuF
xhY
jKL
dYl
xWK
hWH
ojq
AXJ
gKN
pRD
fkd
aZr
vvp
jhU
kfq
BpK
xjB
lky
gVT
flG
ACU
yxa
AKW
rLF
zGm
vwo
BPm
chT
ppp
uvs
gnP
zah
bNm
sKv
aAn
rff
yTl
cJY
pSa
DKV
pHy
gnk
bml
yxY
nhq
trV
dZT
fMF
snj
lsQ
YF
qzh
pQc
wNw
quZ
iLi
bFA
CwA
Dto
tUG
fAX
rJQ
yYX
xqf
tuS
wCa
zza
pky
uVr
Cws
DVC
onP
sMA
avb
hQN
sQb
iWI
AKa
jfs
pNJ
gLu
jHv
gNS
pRm
rAn
hXg
EfC
DxD
maD
DYe
wcD
tTr
seW
nbz
iXG
tLL
pUB
bqC
oGb
vto
ojl
tWt
Dro
fHa
acD
lpg
Akh
hlb
uqc
cWJ
zCz
dUO
sQR
seH
Tv
vzS
rxR
Dzk
Cpt
uot
gbx
COd
wlh
DaN
CNO
DCa
CZK
coX
siW
fOw
AFO
phZ
cpw
vah
vbz
jLF
DWQ
sLl
naY
Wh
pVl
DtQ
DZs
bbf
hyB
hZt
BLU
nLx
qyu
EdR
sny
eaK
poC
CuS
xWy
eYi
azH
hYO
aFJ
mWj
wkH
vzU
xNR
dwe
eAA
fac
hOP
iVZ
tMR
mXJ
rwF
fEe
psY
pOE
sCZ
mtw
zdI
mtG
hvK
bHN
avT
sDR
cJV
oPH
AuP
shS
qqU
oSh
gpg
ohX
bGj
aAK
jEz
wLL
dyR
xSE
dvW
vFU
lxK
kPe
tx
kph
tUM
tTO
mSO
slB
bCY
bfS
qqy
qpX
ghn
CtS
dHw
fCh
bXj
yyJ
vfl
nhS
yle
APF
tpa
AFA
fiV
xLe
cmH
omJ
kUu
lWO
duF
qqS
ryQ
Gc
sKd
zZu
fcT
rcO
gqu
hmd
abo
psu
sOa
lVU
rFe
zbk
oQx
rZr
nFB
lZo
vIz
vzX
axf
oRC
wde
Cyt
qro
eEq
SM
rEL
baJ
yqC
xpV
mzl
vAu
muT
AIn
Dzo
DDE
ebp
tnJ
bkF
BpP
htB
sFT
qIZ
xTo
neL
bGW
AfE
nEt
AaQ
pli
cOb
rcC
iaT
iFd
hRQ
qvV
AEK
hfP
pno
uUd
nFI
zGQ
gRS
nDt
ztt
lsO
uoN
vHd
eHI
ezw
opi
sPl
jzj
zGD
Sj
BjV
gHy
uVB
wMy
tqd
huu
wgO
zAQ
dzH
BiU
msG
hoa
obo
dwJ
jFO
Ebw
gOz
bht
xnQ
nCv
oJg
hUh
rJP
bhH
pkg
olh
mWd
sEH
hTC
aHz
xlQ
uiL
bIs
sll
sFg
BeG
BMv
sRe
jcE
cMZ
kpN
eBw
zDZ
bct
hmM
jPl
dzb
hPl
zcq
eui
zuU
aBt
nFw
baY
yQv
qpo
prT
Ajd
qAO
doe
CWj
yrI
CkL
xIR
jNo
hyN
rvZ
yTI
cyI
AFB
wHG
Aie
klS
ytj
ySp
jEg
bIp
jiS
quP
kNr
Bre
gHD
nhr
dQy
hsy
mzY
sg
ttR
dUi
iuB
Bpl
myO
jFa
gnY
dGh
plz
ofj
luC
afM
pvi
bKN
awz
jdj
hVq
gNU
cUt
oct
BkK
fuq
CmX
lAk
mAt
awK
yWM
thV
Dsg
yYm
nfP
fHQ
DrB
uvt
AHV
skl
lqq
ghc
cqU
htm
DzB
jLt
iWN
flm
vyU
CrN
dRu
qvI
snQ
obX
wew
ckF
CRS
shZ
ttL
seD
EgK
oGf
oHi
qts
siE
fCm
ghC
wbg
fLj
pta
kai
uTJ
lLO
bkT
rei
lQX
wPq
eza
AkU
nzC
mCQ
knJ
dQs
iVw
eYN
wmx
zCQ
dTj
gmN
ZS
zAJ
qSE
ppQ
ANV
CwN
pQa
agg
kjq
clW
cmK
vFg
glM
pXI
Brg
crq
gUt
hpl
CXF
Dbw
kqb
gVr
cIt
fNR
kLo
vnd
AkA
lOt
jCt
xJa
nHt
kfj
Edj
cJk
hTD
AFT
lMA
yoh
BfU
iCo
DAg
iEh
aJj
BdJ
gJz
zaO
oIf
mXj
gNt
eab
iBp
tik
lTp
CvS
tUP
vys
ebc
wNV
ALa
AAF
CRF
hmN
fbV
mUT
wcs
uvZ
zdw
yrK
cmE
kJz
mgZ
gfj
yTj
cVm
tlJ
ezT
pFJ
xVf
bOd
mCN
bGy
nJU
Ebu
mCE
eFv
oeN
Sm
nIG
sGZ
bDe
bHg
DYl
ynC
gop
xhg
vZg
sLL
uzZ
xgf
mvL
zYv
loi
bPr
pXP
lQS
Xc
lXM
yVt
ire
bKD
iaI
azR
Dsv
oSs
vNI
zua
pjp
Bql
vGf
sPd
bed
ysz
AcU
AET
cRu
bap
cgc
zGH
omO
tjS
BUw
bLf
eYa
zDO
tTu
uRI
fDj
jLr
Akt
gSh
itn
oos
wdJ
uuw
yzk
ojR
lvH
hrQ
aZQ
ncZ
khg
fCs
rvX
ncQ
plu
rZY
lvm
lBC
qVd
yss
ecq
lXK
jDG
cOi
DtN
DFw
bmd
hWt
ciR
vCV
cng
dZP
bca
fIg
wKv
kpf
dpg
pmR
hPX
quV
zHj
Ccj
xfL
Drv
inY
BmA
xmj
zwC
ist
Edr
pZP
jKh
zct
lUx
ncF
Dra
rbU
qCJ
nEJ
oeA
CkS
DiF
BIS
iWG
zxH
bFf
tYu
ewd
ogl
uyR
dQl
bhx
ywn
Eaw
blL
wOu
gMv
nhc
DZB
qVq
dJQ
dTX
jBa
mxg
xmO
gSE
xTb
grs
xqm
dYZ
mqq
eFN
huY
dpt
aAj
izJ
slq
wLN
wiH
dzj
tjg
nGv
xMT
wIH
xie
gSt
baN
ynN
eAf
izC
gIr
xhB
lsB
kNC
ALG
tKp
zYj
EoZ
csf
xqN
jiC
aIX
cNF
ysd
rJE
kOe
kqP
qxo
aBn
mVi
EK
vZG
lOC
iCM
qyZ
ohE
cWz
lRe
zYA
AJO
fKO
jck
Aae
uRD
lnh
oFg
oFi
kJu
hiI
tlt
DVe
hRt
oLL
ylR
pXK
vvk
mUi
AKh
cMC
urs
zBj
nrJ
maO
jgz
kPj
icB
odF
hQF
BNV
BOU
mzz
nLs
kdU
wJv
rEz
ocV
lUN
dXF
DCk
cth
kRP
uTW
Xv
tml
qpB
pWk
nbL
sLC
neA
Dxv
jhQ
wKB
isf
tkL
quf
AeQ
CqS
dRr
dQV
DVZ
rbh
iXZ
oGs
xrB
veR
abY
Cog
fKy
bcg
cLU
ZI
mwq
AEk
puE
exe
kSF
bJM
lsV
hVM
bHB
jKX
tLN
jzo
slw
xjG
bFU
ttB
nJB
AhM
gLZ
gIt
Bif
CsF
lvO
BhJ
yUu
lvi
uvD
wbn
ryF
bMg
oGv
ibB
gKS
kpj
wPD
tmh
eHf
gPP
sOu
oSJ
BRe
oJu
rbN
smw
jcK
BgI
ixg
eaS
tUS
ADO
ezW
sfg
nDV
hor
yPa
kHq
oRE
gNB
DyS
CWE
vaS
aZC
dZs
zxL
hqc
vBW
qzQ
lPI
EeP
vGO
mxy
eFo
nfG
hwc
hxQ
ocp
CoM
DVY
mUQ
hqn
psw
eFW
dRa
ABN
lRC
ABu
sDp
wes
oMB
nfa
glq
bBU
AeA
Cpk
kpe
bfE
BKT
AaU
gMZ
EeR
xRf
CRE
rIv
zAB
gTe
Eek
fgd
Dsc
qxi
CXa
yyQ
dWZ
cTx
rxP
tsR
ooc
rze
zcL
uxZ
zbC
gli
sIZ
qwo
mTZ
gQx
CZq
CuC
dtJ
fBq
yXq
xKH
pnZ
qpd
eZW
CoI
pLM
xdO
BOj
DYE
uqD
uTa
tPb
qwB
vFR
tNL
zcd
zdA
bfX
uzs
uHz
sak
AiL
vyV
dZu
hWP
mry
CUb
ctn
trc
Dva
xkw
ogy
rGK
oMI
BKg
aEr
hRq
hvH
cWN
exT
fNO
qVR
yPT
cgy
azY
kJD
hwt
uod
kPS
qyi
kGY
isi
oaR
yWh
idO
xVF
poI
cUY
gmi
wDU
kcM
ztR
tOd
cXs
Bih
jAA
BnA
xjY
vTl
RL
lmi
CPJ
wCS
BMu
tli
gOh
zCI
raF
iCy
mCe
xhj
ppl
jLB
fOt
cOS
qux
Eho
chg
gkA
xQW
tpr
fgW
Dwq
nER
xWw
lZe
Efu
hYs
lpc
wma
Csq
nHR
AbP
ono
BMS
ckT
pSP
wJf
uVF
yws
Bhu
gow
naz
bwP
kOR
toA
BjW
sEG
rHQ
Cqp
ity
CUq
zBo
yFv
nhX
ict
fHZ
sJb
hpw
oEn
AMt
hUT
oZw
glF
rIx
cgT
DFl
wgd
BmB
ygP
ghX
yXL
fKL
hwH
llV
CBF
nCr
bQc
wNW
baH
zAe
Clp
gif
ewt
lsi
cjg
jKS
BdT
DXu
eDs
ndS
crl
hVU
hmF
ocZ
CFJ
gVH
emd
bGC
gsb
jyN
Vz
tXE
SO
pUF
wen
nBN
utW
BUW
fLY
ARY
CrT
adE
jDo
obr
ppH
kkJ
wEy
siB
yVb
wDj
xtG
sdi
AML
kTd
sMa
rCX
ghJ
oMs
eFp
jbW
nFc
EiG
tQH
qrn
mvu
gTh
oda
kRl
yYS
ggz
bcY
wJP
cKm
lRy
vDn
pYq
fkE
zHf
cKi
okV
ech
uwu
rCn
aIs
chJ
aAO
CrJ
cgm
mBy
gey
hqC
eZE
mCZ
wKh
qWR
ysn
jeO
dUt
awf
fcA
dQH
pPO
mAg
xQP
bcE
xJg
lXu
icJ
vKL
dWq
ups
cMl
DWn
Bik
rcG
wIq
fCD
ibl
tVR
unS
mVI
CUZ
zBb
Duh
rBm
hQr
mwZ
Dzh
gQd
DaA
CSO
cLI
sku
mbi
kJE
coa
BJQ
zvU
CBV
kje
xTd
kos
bHR
upe
uqe
tlA
dTL
vFA
weI
xmL
nyT
gRf
nfw
oKY
xee
hEZ
lwA
dQA
bMN
ndi
eue
naZ
Duo
gVY
zwa
jMp
rat
cii
hRz
kNY
wfS
qTs
iWE
hPE
wDk
eyN
piO
isL
mrv
gmG
qtk
neg
rax
cPC
cka
pVn
CpH
qwa
gVh
xqK
Dyb
cme
sin
mtC
BJU
pVT
wLA
DzT
pTz
vAA
cTn
gVQ
ayS
uUG
crD
xJs
qsk
kmp
quR
vkH
Vv
yrg
fai
wjE
jMW
oeh
lRA
fIy
wiW
zZJ
DUW
mCI
crE
xIJ
qYa
sJl
jLU
jbZ
BlD
lTH
yyq
ytz
DrH
lWj
yrl
ncR
BPo
wbz
cJE
ojn
vAX
uSK
Wg
Brv
iVQ
oku
Del
dRq
ttA
tpv
hTh
vIs
aEf
bPe
oHD
aZx
xmX
kLQ
DxV
gkw
tnK
BPC
zzp
ckp
oMa
xrj
hcw
aEI
mta
fMV
ir
CpL
AeT
fas
lKl
pXx
uVf
tjL
lrY
DXa
mCA
wNr
Cwa
kdr
aBo
qIi
aZJ
vBV
COx
fgk
fFN
itQ
BJC
yyT
zTp
nyo
gRs
oLY
ryP
iBE
dwz
iaG
yyf
xV
BPX
mba
hqf
nKj
wjR
Cxq
Ade
qWV
gQO
pZo
sKM
tQF
nhm
cQh
ghz
aGl
pkv
skT
blu
DCq
kdZ
EcF
wGr
vwg
tpV
ofN
isD
rdh
oQN
yvK
uSg
azz
xUr
jbA
ffO
awp
DCr
pqb
dwO
oRM
bPf
kle
iEa
BIm
rwh
hzj
sKN
rAF
BTK
eSl
dvc
pUc
Dxo
