ADBZ
AHXZ
ARBK
COHR
CUTZ
CXLB
CYWG
BQEO
CIYJ
CVQM
BOHF
BKKA
AQXW
AWNI
AOVZ
CHDY
AOIO
DIKU
BEHO
CUCJ
AHXP
CXUV
AZKD
BOLK
AFJY
AIRJ
BPDL
DIOX
BVPU
AIKP
CTUU
BHDK
CDMM
CBWV
CSEA
DFNW
BDRS
CFCC
CDOT
CFSQ
CGZK
CMFF
BPLO
DKCM
BCUP
DCBR
BDIP
AOYZ
AFQM
BQIS
DHWP
CKBJ
AWBB
DCYZ
BIOU
BTCO
ADDL
CJYI
AYGA
ANUV
ABDL
BPIM
DEMP
CUZV
CKMF
CHSQ
BEBD
BGXI
BWKE
BDDQ
CPJZ
CPRO
BOEW
AOPB
BOOG
CLCH
BFWH
DKBS
AQJT
AIAQ
CHFR
DHLD
AXJF
BFDH
DBKT
DDRF
BACN
AJEU
BUDF
BTEJ
ATRQ
DAFZ
DGEX
BAGP
DEJO
CZSP
BCJH
BXFK
ANLM
CNLX
AXOY
ADJQ
BPIN
BEZV
ADYW
AEHT
BLYP
BQLS
CREO
AOGR
AIGI
CBYW
CAPR
ALGI
DFNS
AEUL
ALME
CFUY
CUPI
AGFL
ALBL
AXZR
ANQK
DGUL
CEFC
CJNV
DDRW
AIUY
CMJV
ATEL
AXUE
CJSJ
AZWE
BFWW
BELU
BJOM
DCOY
CLRN
BNZM
ARGT
BOIO
DKDO
CVGF
CKLN
ASSV
DFRX
BLED
AOKM
CUSX
CSHI
BVVZ
BUTH
DAHS
DEJQ
BDTQ
ABHR
BIXC
CJGS
ANAX
ALGG
DJDU
AEBO
ADEU
BIEJ
BSAB
DIDN
DJVD
BMUG
BYBQ
APEB
CYIV
ACEZ
ASMZ
CPTK
AGDZ
CQCS
BFMJ
AGBW
DHIV
AIKE
DEEQ
CXAK
DGUJ
AHWD
CFPV
AYGU
ATRM
AOWP
BKGD
DBZL
CPMW
BNEO
CAQR
CGNK
CKNE
BUZR
DHRB
CLSY
AIWH
AEIS
CYGW
ATOG
CZLI
AOKI
CTJC
DIAI
CSQH
BQTG
CTNN
DEHW
DIDM
BHNB
ALMU
CQBR
AZLM
DIEX
BQFJ
AXHK
BDUY
AUNI
BUHL
ACXB
AKXU
BKGZ
BFPD
CJIB
ANFU
BTWZ
DJNQ
CJQV
DJWG
AJXE
BXHQ
BHNL
ATMJ
CPAA
BMBJ
DEYY
BVNX
CIGP
DAFL
BXWX
CDJX
BRZZ
ANHP
BQNJ
AWIS
ALPM
DFHA
CQXL
AKFE
DIRO
BAFN
CYBM
AETG
CRRX
AQCK
AXYH
BSDS
AWWB
BUII
BCDC
CYSM
CEGJ
CNIB
CYQN
CYIT
CGMB
CVUB
CUKP
DHXS
BWJM
AIVN
BLNI
AXCI
CMQY
CAWD
BNXP
DKAK
BBGO
CLYO
AEDM
DJUI
CTBB
AQVA
CJIA
AEPU
COJR
DEAE
BQJA
APQM
AZJZ
AJYG
CXXY
BDHM
ACRW
ATDX
CNDT
AAOX
DIII
AQRW
ABIK
CZQK
CJGI
CICP
BJKL
CUOG
BFXD
BAIL
BTGJ
BQNR
AEGG
BBTV
BWGZ
CNJD
BKNY
CZBT
DCKA
ASBC
BUTL
BEHX
BMZH
CSTK
BFNX
BYUN
AECF
BPPB
BVGS
CSGR
BSBR
AHGS
CPZO
AVBD
CTHW
CPMA
CBGM
CRUS
BSLU
AWDM
AZNW
CUOE
CFOZ
CJQP
CCDS
DFBD
AFLR
CHBW
DJNO
BWER
CVCM
CSPS
AVZK
BMXL
CKYR
CXBV
CATL
CRIZ
BBDV
BFJO
AZDR
COVH
BUFC
BMOG
CVGS
BGLV
AIOW
BAVM
DCLZ
CPKO
BKPH
DCPL
CYGL
BVCF
CCAW
DAVK
BLTI
BHCG
CCKU
BVPL
CKXY
AMLQ
CEXV
AJVI
BDAU
AWMC
CLNT
AHWS
ATWB
AIDQ
CTDZ
CFSN
CQCT
CBKT
CTDU
BSOO
CJQT
BRIS
BGJU
AFFF
DDBM
BIMY
ANLR
BWDE
BVJY
BOFM
ATLR
CVNI
BLPP
CDAM
CYCF
CGVP
BBSN
CKQI
CZJW
AGQD
DBJL
CMPD
CBWN
BOOB
CQHS
BQIV
CPOS
CBAT
AXLO
CVPY
DBSS
DCQP
BMEF
CWIW
BYRV
BNTQ
AYJY
CPGO
ATGV
BIQF
CGEE
BAJV
AYRI
AFDB
APMD
CMTN
ADIS
DGWR
BBHR
DHYW
DJXV
BWUJ
CFEJ
BCFP
BZTF
BZAR
CNJU
BMXN
BRUC
CROQ
DHON
CYHL
BHSC
BWXJ
ASGU
CCIM
BPET
BODF
BSKJ
ATUQ
AARF
CIRR
DBQA
CBNC
BXHC
CJDR
CMLN
BGQH
BLRB
BIXF
CCDX
BJGQ
ADJI
AKQG
BPFZ
CBJZ
CBJW
CDVV
ASUW
CUUN
ANUU
AQCQ
CJGF
CVRE
AAPQ
DDXN
AWBQ
CMDN
BTJD
BFYZ
DFYR
ASGY
CKTL
AMDV
BKWE
CXZX
CUCZ
AEBH
BCSR
BHPB
AHXY
CWBG
ANVO
BOBT
BCJG
BJJD
ATHI
BMOX
CRQW
CPMF
BQEM
ABDI
CKBH
BROS
AMVA
AEKW
BZKR
AZIG
CNHF
AETJ
CPFC
BOBL
CSTH
CNAJ
BHUF
ATPR
CVGR
CRXX
CQCC
CHDS
AIQX
DKEA
AHKB
CCBM
APEX
APYQ
AWXT
BYZE
CYXS
CRPN
CPDL
BJNV
ASRJ
BTUA
CTDN
CUPM
DDKF
COBB
AFFJ
AOFJ
DBSX
BOAR
DAWA
ADQA
CPVX
CNPL
BJIF
BKVF
AVMC
BCFL
CRZH
BWPM
CFKO
AFWC
CAHR
AOIQ
DFCZ
BYRJ
CASY
BSMH
DFUO
AUKD
AZPN
AFPI
DHUF
CRBP
BMKA
BIPJ
CIVL
BQHL
AVSZ
COVS
CIDZ
CZOZ
BSDO
BVNP
DBAB
AZCE
BKYQ
CVWP
BBVQ
AFZR
ALUH
DETV
BCFR
DIIJ
CFYT
CXSR
BHXR
AEDL
CWMN
AGSV
BQAG
CZPA
DERW
AGQM
BLDU
AEHL
BBWY
CYIB
AUPT
AOJP
AXTZ
CVIH
DISL
AEQT
DIPO
BIPL
CHXS
CEXS
BTEX
CSJX
CPWK
CQMK
AJKC
CTPV
CHMI
BXFX
BLGX
AQEW
COEH
BTVX
BIDF
CSPJ
CBPP
CHHY
BBNS
ADQK
CQWK
BFHO
ASHG
AQOI
BZHF
DKSR
ASWH
AGDL
ALLI
BCJU
ADPX
AGSM
CDSA
BBUI
AAZF
DHBE
AHRV
CVVG
BUHX
BTFP
CRYF
BLAL
AMDD
BDAV
AYNX
BJOE
ATJI
AZEB
DIVD
BLIB
BZRM
CZGX
ARFI
CXVW
ATPY
DBPG
AXRU
CYUO
CFPB
CDJA
CHOH
CBRD
CAWR
CBWZ
CGPF
BCHC
DEAT
BVVT
CWZH
BZNZ
CBLA
BSDA
CXQN
BZHD
BFCP
BMSK
BGKB
BFVI
CGER
CHTM
DHOJ
