aqzz
ajrm
bzkk
cpyx
cdaf
cljs
bidg
akfg
alvw
abxu
bvob
bygk
bwrm
bczy
bkot
asfg
bldc
amcm
bguc
coco
cbgj
biuf
cahl
csko
cbmb
cmez
ccwr
adzq
bgvs
cvmm
afvx
ctau
bhmr
aycz
amcp
aevz
ckbx
cpnn
cbhm
bmwm
cobz
bijm
btls
acbn
aahd
cfji
bnuj
crqd
adev
bbfl
chmm
bcor
bdld
aibt
bklh
agjy
acps
aysx
bfuh
azgj
cuoe
cqby
blea
bmmr
almt
bggm
aern
chrj
buqe
abjc
coha
apko
ahkt
bste
cjqd
bdet
bidr
ascy
aohz
cmnw
aknr
clzl
cgjp
cmre
cqrn
coek
bcny
aymd
cuas
cdhf
crph
bubu
amup
bwow
ckiw
ceow
csrm
cblj
bwgb
bojz
afgv
ajqe
bguy
bhrh
cdnd
chao
akej
awrr
cskn
anhf
bctf
auoj
akpf
blzg
amri
bczr
bokm
cfvg
akvl
aiun
apsz
bdcr
blzc
bdmd
cdro
bqfz
bsqo
btyg
ccgj
cgia
bipj
beud
bcom
cpbu
apkq
azji
atjs
aube
cgst
ahsh
btkt
cpmu
buej
buwi
atjx
akrg
